<?xml version="1.0" encoding="UTF-8"?>
<coverage generated="1783341132397" clover="3.2.0">
  <project timestamp="1783341132398" name="All files">
    <metrics statements="192" coveredstatements="180" conditionals="36" coveredconditionals="24" methods="29" coveredmethods="27" elements="257" coveredelements="231" complexity="0" loc="192" ncloc="192" packages="8" files="19" classes="19"/>
    <package name="src">
      <metrics statements="13" coveredstatements="12" conditionals="0" coveredconditionals="0" methods="2" coveredmethods="1"/>
      <file name="app.ts" path="/Users/sevval/Desktop/job-tracker/src/app.ts">
        <metrics statements="13" coveredstatements="12" conditionals="0" coveredconditionals="0" methods="2" coveredmethods="1"/>
        <line num="1" count="2" type="stmt"/>
        <line num="2" count="2" type="stmt"/>
        <line num="3" count="2" type="stmt"/>
        <line num="4" count="2" type="stmt"/>
        <line num="6" count="2" type="stmt"/>
        <line num="7" count="2" type="stmt"/>
        <line num="9" count="2" type="stmt"/>
        <line num="10" count="2" type="stmt"/>
        <line num="12" count="2" type="stmt"/>
        <line num="13" count="0" type="stmt"/>
        <line num="16" count="2" type="stmt"/>
        <line num="18" count="2" type="stmt"/>
        <line num="20" count="2" type="stmt"/>
      </file>
    </package>
    <package name="src.config">
      <metrics statements="11" coveredstatements="10" conditionals="8" coveredconditionals="4" methods="1" coveredmethods="1"/>
      <file name="env.ts" path="/Users/sevval/Desktop/job-tracker/src/config/env.ts">
        <metrics statements="6" coveredstatements="5" conditionals="8" coveredconditionals="4" methods="1" coveredmethods="1"/>
        <line num="1" count="2" type="stmt"/>
        <line num="4" count="4" type="stmt"/>
        <line num="5" count="4" type="cond" truecount="1" falsecount="1"/>
        <line num="6" count="0" type="stmt"/>
        <line num="8" count="4" type="stmt"/>
        <line num="11" count="2" type="stmt"/>
      </file>
      <file name="prisma.ts" path="/Users/sevval/Desktop/job-tracker/src/config/prisma.ts">
        <metrics statements="2" coveredstatements="2" conditionals="0" coveredconditionals="0" methods="0" coveredmethods="0"/>
        <line num="1" count="2" type="stmt"/>
        <line num="3" count="2" type="stmt"/>
      </file>
      <file name="redis.ts" path="/Users/sevval/Desktop/job-tracker/src/config/redis.ts">
        <metrics statements="3" coveredstatements="3" conditionals="0" coveredconditionals="0" methods="0" coveredmethods="0"/>
        <line num="1" count="2" type="stmt"/>
        <line num="2" count="2" type="stmt"/>
        <line num="4" count="2" type="stmt"/>
      </file>
    </package>
    <package name="src.controllers">
      <metrics statements="25" coveredstatements="24" conditionals="4" coveredconditionals="4" methods="7" coveredmethods="7"/>
      <file name="application.controller.ts" path="/Users/sevval/Desktop/job-tracker/src/controllers/application.controller.ts">
        <metrics statements="18" coveredstatements="17" conditionals="4" coveredconditionals="4" methods="5" coveredmethods="5"/>
        <line num="2" count="2" type="stmt"/>
        <line num="4" count="2" type="stmt"/>
        <line num="5" count="2" type="cond" truecount="2" falsecount="0"/>
        <line num="6" count="2" type="cond" truecount="2" falsecount="0"/>
        <line num="7" count="2" type="stmt"/>
        <line num="8" count="2" type="stmt"/>
        <line num="11" count="2" type="stmt"/>
        <line num="12" count="1" type="stmt"/>
        <line num="13" count="0" type="stmt"/>
        <line num="16" count="2" type="stmt"/>
        <line num="17" count="4" type="stmt"/>
        <line num="18" count="4" type="stmt"/>
        <line num="21" count="2" type="stmt"/>
        <line num="22" count="1" type="stmt"/>
        <line num="27" count="1" type="stmt"/>
        <line num="30" count="2" type="stmt"/>
        <line num="31" count="1" type="stmt"/>
        <line num="32" count="1" type="stmt"/>
      </file>
      <file name="auth.controller.ts" path="/Users/sevval/Desktop/job-tracker/src/controllers/auth.controller.ts">
        <metrics statements="7" coveredstatements="7" conditionals="0" coveredconditionals="0" methods="2" coveredmethods="2"/>
        <line num="2" count="2" type="stmt"/>
        <line num="4" count="2" type="stmt"/>
        <line num="5" count="10" type="stmt"/>
        <line num="6" count="9" type="stmt"/>
        <line num="9" count="2" type="stmt"/>
        <line num="10" count="2" type="stmt"/>
        <line num="11" count="1" type="stmt"/>
      </file>
    </package>
    <package name="src.middleware">
      <metrics statements="32" coveredstatements="26" conditionals="6" coveredconditionals="4" methods="7" coveredmethods="6"/>
      <file name="asyncHandler.ts" path="/Users/sevval/Desktop/job-tracker/src/middleware/asyncHandler.ts">
        <metrics statements="3" coveredstatements="3" conditionals="0" coveredconditionals="0" methods="2" coveredmethods="2"/>
        <line num="9" count="2" type="stmt"/>
        <line num="10" count="14" type="stmt"/>
        <line num="11" count="21" type="stmt"/>
      </file>
      <file name="auth.ts" path="/Users/sevval/Desktop/job-tracker/src/middleware/auth.ts">
        <metrics statements="12" coveredstatements="11" conditionals="2" coveredconditionals="2" methods="1" coveredmethods="1"/>
        <line num="2" count="2" type="stmt"/>
        <line num="3" count="2" type="stmt"/>
        <line num="5" count="2" type="stmt"/>
        <line num="6" count="10" type="stmt"/>
        <line num="7" count="10" type="cond" truecount="2" falsecount="0"/>
        <line num="8" count="1" type="stmt"/>
        <line num="11" count="9" type="stmt"/>
        <line num="13" count="9" type="stmt"/>
        <line num="14" count="9" type="stmt"/>
        <line num="15" count="9" type="stmt"/>
        <line num="16" count="9" type="stmt"/>
        <line num="18" count="0" type="stmt"/>
      </file>
      <file name="errorHandler.ts" path="/Users/sevval/Desktop/job-tracker/src/middleware/errorHandler.ts">
        <metrics statements="7" coveredstatements="5" conditionals="2" coveredconditionals="1" methods="1" coveredmethods="1"/>
        <line num="2" count="2" type="stmt"/>
        <line num="4" count="2" type="stmt"/>
        <line num="10" count="4" type="cond" truecount="1" falsecount="1"/>
        <line num="11" count="4" type="stmt"/>
        <line num="12" count="4" type="stmt"/>
        <line num="15" count="0" type="stmt"/>
        <line num="16" count="0" type="stmt"/>
      </file>
      <file name="validate.ts" path="/Users/sevval/Desktop/job-tracker/src/middleware/validate.ts">
        <metrics statements="10" coveredstatements="7" conditionals="2" coveredconditionals="1" methods="3" coveredmethods="2"/>
        <line num="3" count="2" type="stmt"/>
        <line num="5" count="2" type="stmt"/>
        <line num="6" count="8" type="stmt"/>
        <line num="7" count="17" type="stmt"/>
        <line num="8" count="17" type="cond" truecount="1" falsecount="1"/>
        <line num="9" count="0" type="stmt"/>
        <line num="10" count="0" type="stmt"/>
        <line num="12" count="0" type="stmt"/>
        <line num="15" count="17" type="stmt"/>
        <line num="16" count="17" type="stmt"/>
      </file>
    </package>
    <package name="src.routes">
      <metrics statements="30" coveredstatements="30" conditionals="0" coveredconditionals="0" methods="0" coveredmethods="0"/>
      <file name="application.routes.ts" path="/Users/sevval/Desktop/job-tracker/src/routes/application.routes.ts">
        <metrics statements="14" coveredstatements="14" conditionals="0" coveredconditionals="0" methods="0" coveredmethods="0"/>
        <line num="1" count="2" type="stmt"/>
        <line num="2" count="2" type="stmt"/>
        <line num="9" count="2" type="stmt"/>
        <line num="10" count="2" type="stmt"/>
        <line num="11" count="2" type="stmt"/>
        <line num="12" count="2" type="stmt"/>
        <line num="14" count="2" type="stmt"/>
        <line num="16" count="2" type="stmt"/>
        <line num="18" count="2" type="stmt"/>
        <line num="19" count="2" type="stmt"/>
        <line num="20" count="2" type="stmt"/>
        <line num="21" count="2" type="stmt"/>
        <line num="22" count="2" type="stmt"/>
        <line num="24" count="2" type="stmt"/>
      </file>
      <file name="auth.routes.ts" path="/Users/sevval/Desktop/job-tracker/src/routes/auth.routes.ts">
        <metrics statements="9" coveredstatements="9" conditionals="0" coveredconditionals="0" methods="0" coveredmethods="0"/>
        <line num="1" count="2" type="stmt"/>
        <line num="2" count="2" type="stmt"/>
        <line num="3" count="2" type="stmt"/>
        <line num="4" count="2" type="stmt"/>
        <line num="5" count="2" type="stmt"/>
        <line num="7" count="2" type="stmt"/>
        <line num="9" count="2" type="stmt"/>
        <line num="10" count="2" type="stmt"/>
        <line num="12" count="2" type="stmt"/>
      </file>
      <file name="index.ts" path="/Users/sevval/Desktop/job-tracker/src/routes/index.ts">
        <metrics statements="7" coveredstatements="7" conditionals="0" coveredconditionals="0" methods="0" coveredmethods="0"/>
        <line num="1" count="2" type="stmt"/>
        <line num="2" count="2" type="stmt"/>
        <line num="3" count="2" type="stmt"/>
        <line num="5" count="2" type="stmt"/>
        <line num="7" count="2" type="stmt"/>
        <line num="8" count="2" type="stmt"/>
        <line num="10" count="2" type="stmt"/>
      </file>
    </package>
    <package name="src.schemas">
      <metrics statements="7" coveredstatements="7" conditionals="0" coveredconditionals="0" methods="0" coveredmethods="0"/>
      <file name="application.schema.ts" path="/Users/sevval/Desktop/job-tracker/src/schemas/application.schema.ts">
        <metrics statements="4" coveredstatements="4" conditionals="0" coveredconditionals="0" methods="0" coveredmethods="0"/>
        <line num="1" count="2" type="stmt"/>
        <line num="3" count="2" type="stmt"/>
        <line num="10" count="2" type="stmt"/>
        <line num="18" count="2" type="stmt"/>
      </file>
      <file name="auth.schema.ts" path="/Users/sevval/Desktop/job-tracker/src/schemas/auth.schema.ts">
        <metrics statements="3" coveredstatements="3" conditionals="0" coveredconditionals="0" methods="0" coveredmethods="0"/>
        <line num="1" count="2" type="stmt"/>
        <line num="3" count="2" type="stmt"/>
        <line num="8" count="2" type="stmt"/>
      </file>
    </package>
    <package name="src.services">
      <metrics statements="63" coveredstatements="60" conditionals="18" coveredconditionals="12" methods="9" coveredmethods="9"/>
      <file name="application.service.ts" path="/Users/sevval/Desktop/job-tracker/src/services/application.service.ts">
        <metrics statements="41" coveredstatements="39" conditionals="12" coveredconditionals="7" methods="7" coveredmethods="7"/>
        <line num="1" count="2" type="stmt"/>
        <line num="2" count="2" type="stmt"/>
        <line num="3" count="2" type="stmt"/>
        <line num="4" count="2" type="stmt"/>
        <line num="7" count="2" type="stmt"/>
        <line num="10" count="8" type="stmt"/>
        <line num="14" count="6" type="cond" truecount="1" falsecount="1"/>
        <line num="15" count="6" type="stmt"/>
        <line num="16" count="6" type="stmt"/>
        <line num="17" count="6" type="cond" truecount="1" falsecount="1"/>
        <line num="18" count="0" type="stmt"/>
        <line num="21" count="2" type="stmt"/>
        <line num="22" count="2" type="stmt"/>
        <line num="24" count="2" type="cond" truecount="1" falsecount="1"/>
        <line num="25" count="2" type="stmt"/>
        <line num="26" count="2" type="cond" truecount="1" falsecount="1"/>
        <line num="27" count="0" type="stmt"/>
        <line num="31" count="2" type="stmt"/>
        <line num="33" count="2" type="stmt"/>
        <line num="43" count="2" type="stmt"/>
        <line num="53" count="2" type="cond" truecount="1" falsecount="1"/>
        <line num="54" count="2" type="stmt"/>
        <line num="57" count="2" type="stmt"/>
        <line num="60" count="2" type="stmt"/>
        <line num="61" count="3" type="stmt"/>
        <line num="62" count="3" type="cond" truecount="2" falsecount="0"/>
        <line num="63" count="1" type="stmt"/>
        <line num="65" count="2" type="stmt"/>
        <line num="68" count="2" type="stmt"/>
        <line num="69" count="4" type="stmt"/>
        <line num="72" count="4" type="stmt"/>
        <line num="73" count="4" type="stmt"/>
        <line num="76" count="2" type="stmt"/>
        <line num="81" count="1" type="stmt"/>
        <line num="82" count="1" type="stmt"/>
        <line num="86" count="1" type="stmt"/>
        <line num="87" count="1" type="stmt"/>
        <line num="90" count="2" type="stmt"/>
        <line num="91" count="1" type="stmt"/>
        <line num="92" count="1" type="stmt"/>
        <line num="93" count="1" type="stmt"/>
      </file>
      <file name="auth.service.ts" path="/Users/sevval/Desktop/job-tracker/src/services/auth.service.ts">
        <metrics statements="22" coveredstatements="21" conditionals="6" coveredconditionals="5" methods="2" coveredmethods="2"/>
        <line num="1" count="2" type="stmt"/>
        <line num="2" count="2" type="stmt"/>
        <line num="3" count="2" type="stmt"/>
        <line num="4" count="2" type="stmt"/>
        <line num="7" count="2" type="stmt"/>
        <line num="9" count="2" type="stmt"/>
        <line num="10" count="10" type="stmt"/>
        <line num="11" count="10" type="cond" truecount="2" falsecount="0"/>
        <line num="12" count="1" type="stmt"/>
        <line num="15" count="9" type="stmt"/>
        <line num="16" count="9" type="stmt"/>
        <line num="20" count="9" type="stmt"/>
        <line num="21" count="9" type="stmt"/>
        <line num="24" count="2" type="stmt"/>
        <line num="25" count="2" type="stmt"/>
        <line num="26" count="2" type="cond" truecount="1" falsecount="1"/>
        <line num="27" count="0" type="stmt"/>
        <line num="30" count="2" type="stmt"/>
        <line num="31" count="2" type="cond" truecount="2" falsecount="0"/>
        <line num="32" count="1" type="stmt"/>
        <line num="35" count="1" type="stmt"/>
        <line num="36" count="1" type="stmt"/>
      </file>
    </package>
    <package name="src.utils">
      <metrics statements="11" coveredstatements="11" conditionals="0" coveredconditionals="0" methods="3" coveredmethods="3"/>
      <file name="AppError.ts" path="/Users/sevval/Desktop/job-tracker/src/utils/AppError.ts">
        <metrics statements="4" coveredstatements="4" conditionals="0" coveredconditionals="0" methods="1" coveredmethods="1"/>
        <line num="1" count="2" type="stmt"/>
        <line num="2" count="4" type="stmt"/>
        <line num="3" count="4" type="stmt"/>
        <line num="4" count="4" type="stmt"/>
      </file>
      <file name="jwt.ts" path="/Users/sevval/Desktop/job-tracker/src/utils/jwt.ts">
        <metrics statements="7" coveredstatements="7" conditionals="0" coveredconditionals="0" methods="2" coveredmethods="2"/>
        <line num="1" count="2" type="stmt"/>
        <line num="2" count="2" type="stmt"/>
        <line num="8" count="2" type="stmt"/>
        <line num="9" count="10" type="stmt"/>
        <line num="10" count="10" type="stmt"/>
        <line num="13" count="2" type="stmt"/>
        <line num="14" count="9" type="stmt"/>
      </file>
    </package>
  </project>
</coverage>
