{"/Users/sevval/Desktop/job-tracker/src/app.ts": {"path":"/Users/sevval/Desktop/job-tracker/src/app.ts","statementMap":{"0":{"start":{"line":6,"column":0},"end":{"line":6,"column":16}},"1":{"start":{"line":1,"column":0},"end":{"line":1,"column":24}},"2":{"start":{"line":2,"column":0},"end":{"line":2,"column":30}},"3":{"start":{"line":3,"column":0},"end":{"line":3,"column":57}},"4":{"start":{"line":4,"column":0},"end":{"line":4,"column":30}},"5":{"start":{"line":7,"column":14},"end":{"line":7,"column":23}},"6":{"start":{"line":9,"column":2},"end":{"line":9,"column":18}},"7":{"start":{"line":10,"column":2},"end":{"line":10,"column":26}},"8":{"start":{"line":12,"column":2},"end":{"line":14,"column":5}},"9":{"start":{"line":13,"column":4},"end":{"line":13,"column":43}},"10":{"start":{"line":16,"column":2},"end":{"line":16,"column":26}},"11":{"start":{"line":18,"column":2},"end":{"line":18,"column":24}},"12":{"start":{"line":20,"column":2},"end":{"line":20,"column":13}}},"fnMap":{"0":{"name":"createApp","decl":{"start":{"line":6,"column":16},"end":{"line":6,"column":25}},"loc":{"start":{"line":6,"column":25},"end":{"line":21,"column":1}}},"1":{"name":"(anonymous_2)","decl":{"start":{"line":12,"column":21},"end":{"line":12,"column":22}},"loc":{"start":{"line":12,"column":35},"end":{"line":14,"column":3}}}},"branchMap":{},"s":{"0":2,"1":2,"2":2,"3":2,"4":2,"5":2,"6":2,"7":2,"8":2,"9":0,"10":2,"11":2,"12":2},"f":{"0":2,"1":0},"b":{}}
,"/Users/sevval/Desktop/job-tracker/src/config/env.ts": {"path":"/Users/sevval/Desktop/job-tracker/src/config/env.ts","statementMap":{"0":{"start":{"line":1,"column":0},"end":{"line":1,"column":23}},"1":{"start":{"line":4,"column":16},"end":{"line":4,"column":33}},"2":{"start":{"line":5,"column":2},"end":{"line":7,"column":3}},"3":{"start":{"line":6,"column":4},"end":{"line":6,"column":70}},"4":{"start":{"line":8,"column":2},"end":{"line":8,"column":15}},"5":{"start":{"line":11,"column":13},"end":{"line":18,"column":2}}},"fnMap":{"0":{"name":"required","decl":{"start":{"line":3,"column":9},"end":{"line":3,"column":17}},"loc":{"start":{"line":3,"column":30},"end":{"line":9,"column":1}}}},"branchMap":{"0":{"loc":{"start":{"line":5,"column":2},"end":{"line":7,"column":3}},"type":"if","locations":[{"start":{"line":5,"column":2},"end":{"line":7,"column":3}},{"start":{},"end":{}}]},"1":{"loc":{"start":{"line":12,"column":15},"end":{"line":12,"column":39}},"type":"binary-expr","locations":[{"start":{"line":12,"column":15},"end":{"line":12,"column":31}},{"start":{"line":12,"column":35},"end":{"line":12,"column":39}}]},"2":{"loc":{"start":{"line":15,"column":16},"end":{"line":15,"column":50}},"type":"binary-expr","locations":[{"start":{"line":15,"column":16},"end":{"line":15,"column":42}},{"start":{"line":15,"column":46},"end":{"line":15,"column":50}}]},"3":{"loc":{"start":{"line":16,"column":12},"end":{"line":16,"column":61}},"type":"binary-expr","locations":[{"start":{"line":16,"column":12},"end":{"line":16,"column":33}},{"start":{"line":16,"column":37},"end":{"line":16,"column":61}}]}},"s":{"0":2,"1":4,"2":4,"3":0,"4":4,"5":2},"f":{"0":4},"b":{"0":[0,4],"1":[2,0],"2":[2,0],"3":[2,0]}}
,"/Users/sevval/Desktop/job-tracker/src/config/prisma.ts": {"path":"/Users/sevval/Desktop/job-tracker/src/config/prisma.ts","statementMap":{"0":{"start":{"line":1,"column":0},"end":{"line":1,"column":46}},"1":{"start":{"line":3,"column":13},"end":{"line":3,"column":41}}},"fnMap":{},"branchMap":{},"s":{"0":2,"1":2},"f":{},"b":{}}
,"/Users/sevval/Desktop/job-tracker/src/config/redis.ts": {"path":"/Users/sevval/Desktop/job-tracker/src/config/redis.ts","statementMap":{"0":{"start":{"line":1,"column":0},"end":{"line":1,"column":28}},"1":{"start":{"line":2,"column":0},"end":{"line":2,"column":28}},"2":{"start":{"line":4,"column":13},"end":{"line":4,"column":45}}},"fnMap":{},"branchMap":{},"s":{"0":2,"1":2,"2":2},"f":{},"b":{}}
,"/Users/sevval/Desktop/job-tracker/src/controllers/application.controller.ts": {"path":"/Users/sevval/Desktop/job-tracker/src/controllers/application.controller.ts","statementMap":{"0":{"start":{"line":4,"column":0},"end":{"line":4,"column":7}},"1":{"start":{"line":11,"column":0},"end":{"line":11,"column":7}},"2":{"start":{"line":16,"column":0},"end":{"line":16,"column":7}},"3":{"start":{"line":21,"column":0},"end":{"line":21,"column":7}},"4":{"start":{"line":30,"column":0},"end":{"line":30,"column":7}},"5":{"start":{"line":2,"column":0},"end":{"line":2,"column":70}},"6":{"start":{"line":5,"column":15},"end":{"line":5,"column":67}},"7":{"start":{"line":6,"column":16},"end":{"line":6,"column":85}},"8":{"start":{"line":7,"column":17},"end":{"line":7,"column":89}},"9":{"start":{"line":8,"column":2},"end":{"line":8,"column":31}},"10":{"start":{"line":12,"column":22},"end":{"line":12,"column":94}},"11":{"start":{"line":13,"column":2},"end":{"line":13,"column":36}},"12":{"start":{"line":17,"column":22},"end":{"line":17,"column":92}},"13":{"start":{"line":18,"column":2},"end":{"line":18,"column":36}},"14":{"start":{"line":22,"column":22},"end":{"line":25,"column":null}},"15":{"start":{"line":27,"column":2},"end":{"line":27,"column":36}},"16":{"start":{"line":31,"column":2},"end":{"line":31,"column":78}},"17":{"start":{"line":32,"column":2},"end":{"line":32,"column":25}}},"fnMap":{"0":{"name":"listHandler","decl":{"start":{"line":4,"column":22},"end":{"line":4,"column":33}},"loc":{"start":{"line":4,"column":61},"end":{"line":9,"column":1}}},"1":{"name":"getHandler","decl":{"start":{"line":11,"column":22},"end":{"line":11,"column":32}},"loc":{"start":{"line":11,"column":60},"end":{"line":14,"column":1}}},"2":{"name":"createHandler","decl":{"start":{"line":16,"column":22},"end":{"line":16,"column":35}},"loc":{"start":{"line":16,"column":63},"end":{"line":19,"column":1}}},"3":{"name":"updateHandler","decl":{"start":{"line":21,"column":22},"end":{"line":21,"column":35}},"loc":{"start":{"line":21,"column":63},"end":{"line":28,"column":1}}},"4":{"name":"deleteHandler","decl":{"start":{"line":30,"column":22},"end":{"line":30,"column":35}},"loc":{"start":{"line":30,"column":63},"end":{"line":33,"column":1}}}},"branchMap":{"0":{"loc":{"start":{"line":5,"column":27},"end":{"line":5,"column":66}},"type":"binary-expr","locations":[{"start":{"line":5,"column":27},"end":{"line":5,"column":61}},{"start":{"line":5,"column":65},"end":{"line":5,"column":66}}]},"1":{"loc":{"start":{"line":6,"column":42},"end":{"line":6,"column":83}},"type":"binary-expr","locations":[{"start":{"line":6,"column":42},"end":{"line":6,"column":77}},{"start":{"line":6,"column":81},"end":{"line":6,"column":83}}]}},"s":{"0":2,"1":2,"2":2,"3":2,"4":2,"5":2,"6":2,"7":2,"8":2,"9":2,"10":1,"11":0,"12":4,"13":4,"14":1,"15":1,"16":1,"17":1},"f":{"0":2,"1":1,"2":4,"3":1,"4":1},"b":{"0":[2,2],"1":[2,2]}}
,"/Users/sevval/Desktop/job-tracker/src/controllers/auth.controller.ts": {"path":"/Users/sevval/Desktop/job-tracker/src/controllers/auth.controller.ts","statementMap":{"0":{"start":{"line":4,"column":0},"end":{"line":4,"column":7}},"1":{"start":{"line":9,"column":0},"end":{"line":9,"column":7}},"2":{"start":{"line":2,"column":0},"end":{"line":2,"column":56}},"3":{"start":{"line":5,"column":17},"end":{"line":5,"column":53}},"4":{"start":{"line":6,"column":2},"end":{"line":6,"column":31}},"5":{"start":{"line":10,"column":17},"end":{"line":10,"column":50}},"6":{"start":{"line":11,"column":2},"end":{"line":11,"column":31}}},"fnMap":{"0":{"name":"registerHandler","decl":{"start":{"line":4,"column":22},"end":{"line":4,"column":37}},"loc":{"start":{"line":4,"column":65},"end":{"line":7,"column":1}}},"1":{"name":"loginHandler","decl":{"start":{"line":9,"column":22},"end":{"line":9,"column":34}},"loc":{"start":{"line":9,"column":62},"end":{"line":12,"column":1}}}},"branchMap":{},"s":{"0":2,"1":2,"2":2,"3":10,"4":9,"5":2,"6":1},"f":{"0":10,"1":2},"b":{}}
,"/Users/sevval/Desktop/job-tracker/src/middleware/asyncHandler.ts": {"path":"/Users/sevval/Desktop/job-tracker/src/middleware/asyncHandler.ts","statementMap":{"0":{"start":{"line":9,"column":0},"end":{"line":9,"column":16}},"1":{"start":{"line":10,"column":2},"end":{"line":12,"column":4}},"2":{"start":{"line":11,"column":4},"end":{"line":11,"column":40}}},"fnMap":{"0":{"name":"asyncHandler","decl":{"start":{"line":9,"column":16},"end":{"line":9,"column":28}},"loc":{"start":{"line":9,"column":55},"end":{"line":13,"column":1}}},"1":{"name":"(anonymous_1)","decl":{"start":{"line":10,"column":9},"end":{"line":10,"column":10}},"loc":{"start":{"line":10,"column":61},"end":{"line":12,"column":3}}}},"branchMap":{},"s":{"0":2,"1":14,"2":21},"f":{"0":14,"1":21},"b":{}}
,"/Users/sevval/Desktop/job-tracker/src/middleware/auth.ts": {"path":"/Users/sevval/Desktop/job-tracker/src/middleware/auth.ts","statementMap":{"0":{"start":{"line":5,"column":0},"end":{"line":5,"column":16}},"1":{"start":{"line":2,"column":0},"end":{"line":2,"column":45}},"2":{"start":{"line":3,"column":0},"end":{"line":3,"column":43}},"3":{"start":{"line":6,"column":17},"end":{"line":6,"column":42}},"4":{"start":{"line":7,"column":2},"end":{"line":9,"column":3}},"5":{"start":{"line":8,"column":4},"end":{"line":8,"column":71}},"6":{"start":{"line":11,"column":16},"end":{"line":11,"column":46}},"7":{"start":{"line":13,"column":2},"end":{"line":19,"column":3}},"8":{"start":{"line":14,"column":20},"end":{"line":14,"column":38}},"9":{"start":{"line":15,"column":4},"end":{"line":15,"column":42}},"10":{"start":{"line":16,"column":4},"end":{"line":16,"column":11}},"11":{"start":{"line":18,"column":4},"end":{"line":18,"column":56}}},"fnMap":{"0":{"name":"requireAuth","decl":{"start":{"line":5,"column":16},"end":{"line":5,"column":27}},"loc":{"start":{"line":5,"column":76},"end":{"line":20,"column":1}}}},"branchMap":{"0":{"loc":{"start":{"line":7,"column":2},"end":{"line":9,"column":3}},"type":"if","locations":[{"start":{"line":7,"column":2},"end":{"line":9,"column":3}},{"start":{},"end":{}}]}},"s":{"0":2,"1":2,"2":2,"3":10,"4":10,"5":1,"6":9,"7":9,"8":9,"9":9,"10":9,"11":0},"f":{"0":10},"b":{"0":[1,9]}}
,"/Users/sevval/Desktop/job-tracker/src/middleware/errorHandler.ts": {"path":"/Users/sevval/Desktop/job-tracker/src/middleware/errorHandler.ts","statementMap":{"0":{"start":{"line":4,"column":0},"end":{"line":4,"column":16}},"1":{"start":{"line":2,"column":0},"end":{"line":2,"column":45}},"2":{"start":{"line":10,"column":2},"end":{"line":13,"column":3}},"3":{"start":{"line":11,"column":4},"end":{"line":11,"column":60}},"4":{"start":{"line":12,"column":4},"end":{"line":12,"column":11}},"5":{"start":{"line":15,"column":2},"end":{"line":15,"column":21}},"6":{"start":{"line":16,"column":2},"end":{"line":16,"column":59}}},"fnMap":{"0":{"name":"errorHandler","decl":{"start":{"line":4,"column":16},"end":{"line":4,"column":28}},"loc":{"start":{"line":8,"column":21},"end":{"line":17,"column":1}}}},"branchMap":{"0":{"loc":{"start":{"line":10,"column":2},"end":{"line":13,"column":3}},"type":"if","locations":[{"start":{"line":10,"column":2},"end":{"line":13,"column":3}},{"start":{},"end":{}}]}},"s":{"0":2,"1":2,"2":4,"3":4,"4":4,"5":0,"6":0},"f":{"0":4},"b":{"0":[4,0]}}
,"/Users/sevval/Desktop/job-tracker/src/middleware/validate.ts": {"path":"/Users/sevval/Desktop/job-tracker/src/middleware/validate.ts","statementMap":{"0":{"start":{"line":5,"column":0},"end":{"line":5,"column":16}},"1":{"start":{"line":3,"column":0},"end":{"line":3,"column":45}},"2":{"start":{"line":6,"column":2},"end":{"line":17,"column":4}},"3":{"start":{"line":7,"column":19},"end":{"line":7,"column":45}},"4":{"start":{"line":8,"column":4},"end":{"line":13,"column":5}},"5":{"start":{"line":9,"column":22},"end":{"line":11,"column":19}},"6":{"start":{"line":10,"column":24},"end":{"line":10,"column":67}},"7":{"start":{"line":12,"column":6},"end":{"line":12,"column":39}},"8":{"start":{"line":15,"column":4},"end":{"line":15,"column":27}},"9":{"start":{"line":16,"column":4},"end":{"line":16,"column":11}}},"fnMap":{"0":{"name":"validate","decl":{"start":{"line":5,"column":16},"end":{"line":5,"column":24}},"loc":{"start":{"line":5,"column":42},"end":{"line":18,"column":1}}},"1":{"name":"(anonymous_1)","decl":{"start":{"line":6,"column":9},"end":{"line":6,"column":10}},"loc":{"start":{"line":6,"column":68},"end":{"line":17,"column":3}}},"2":{"name":"(anonymous_2)","decl":{"start":{"line":10,"column":13},"end":{"line":10,"column":14}},"loc":{"start":{"line":10,"column":24},"end":{"line":10,"column":67}}}},"branchMap":{"0":{"loc":{"start":{"line":8,"column":4},"end":{"line":13,"column":5}},"type":"if","locations":[{"start":{"line":8,"column":4},"end":{"line":13,"column":5}},{"start":{},"end":{}}]}},"s":{"0":2,"1":2,"2":8,"3":17,"4":17,"5":0,"6":0,"7":0,"8":17,"9":17},"f":{"0":8,"1":17,"2":0},"b":{"0":[0,17]}}
,"/Users/sevval/Desktop/job-tracker/src/routes/application.routes.ts": {"path":"/Users/sevval/Desktop/job-tracker/src/routes/application.routes.ts","statementMap":{"0":{"start":{"line":1,"column":0},"end":{"line":1,"column":33}},"1":{"start":{"line":2,"column":0},"end":{"line":2,"column":null}},"2":{"start":{"line":9,"column":0},"end":{"line":9,"column":58}},"3":{"start":{"line":10,"column":0},"end":{"line":10,"column":49}},"4":{"start":{"line":11,"column":0},"end":{"line":11,"column":50}},"5":{"start":{"line":12,"column":0},"end":{"line":12,"column":97}},"6":{"start":{"line":14,"column":15},"end":{"line":14,"column":23}},"7":{"start":{"line":16,"column":0},"end":{"line":16,"column":24}},"8":{"start":{"line":18,"column":0},"end":{"line":18,"column":43}},"9":{"start":{"line":19,"column":0},"end":{"line":19,"column":45}},"10":{"start":{"line":20,"column":0},"end":{"line":20,"column":81}},"11":{"start":{"line":21,"column":0},"end":{"line":21,"column":85}},"12":{"start":{"line":22,"column":0},"end":{"line":22,"column":51}},"13":{"start":{"line":24,"column":0},"end":{"line":24,"column":22}}},"fnMap":{},"branchMap":{},"s":{"0":2,"1":2,"2":2,"3":2,"4":2,"5":2,"6":2,"7":2,"8":2,"9":2,"10":2,"11":2,"12":2,"13":2},"f":{},"b":{}}
,"/Users/sevval/Desktop/job-tracker/src/routes/auth.routes.ts": {"path":"/Users/sevval/Desktop/job-tracker/src/routes/auth.routes.ts","statementMap":{"0":{"start":{"line":1,"column":0},"end":{"line":1,"column":33}},"1":{"start":{"line":2,"column":0},"end":{"line":2,"column":79}},"2":{"start":{"line":3,"column":0},"end":{"line":3,"column":58}},"3":{"start":{"line":4,"column":0},"end":{"line":4,"column":50}},"4":{"start":{"line":5,"column":0},"end":{"line":5,"column":69}},"5":{"start":{"line":7,"column":15},"end":{"line":7,"column":23}},"6":{"start":{"line":9,"column":0},"end":{"line":9,"column":82}},"7":{"start":{"line":10,"column":0},"end":{"line":10,"column":73}},"8":{"start":{"line":12,"column":0},"end":{"line":12,"column":22}}},"fnMap":{},"branchMap":{},"s":{"0":2,"1":2,"2":2,"3":2,"4":2,"5":2,"6":2,"7":2,"8":2},"f":{},"b":{}}
,"/Users/sevval/Desktop/job-tracker/src/routes/index.ts": {"path":"/Users/sevval/Desktop/job-tracker/src/routes/index.ts","statementMap":{"0":{"start":{"line":1,"column":0},"end":{"line":1,"column":33}},"1":{"start":{"line":2,"column":0},"end":{"line":2,"column":39}},"2":{"start":{"line":3,"column":0},"end":{"line":3,"column":53}},"3":{"start":{"line":5,"column":15},"end":{"line":5,"column":23}},"4":{"start":{"line":7,"column":0},"end":{"line":7,"column":32}},"5":{"start":{"line":8,"column":0},"end":{"line":8,"column":47}},"6":{"start":{"line":10,"column":0},"end":{"line":10,"column":22}}},"fnMap":{},"branchMap":{},"s":{"0":2,"1":2,"2":2,"3":2,"4":2,"5":2,"6":2},"f":{},"b":{}}
,"/Users/sevval/Desktop/job-tracker/src/schemas/application.schema.ts": {"path":"/Users/sevval/Desktop/job-tracker/src/schemas/application.schema.ts","statementMap":{"0":{"start":{"line":1,"column":0},"end":{"line":1,"column":24}},"1":{"start":{"line":3,"column":13},"end":{"line":8,"column":3}},"2":{"start":{"line":10,"column":13},"end":{"line":16,"column":3}},"3":{"start":{"line":18,"column":13},"end":{"line":18,"column":73}}},"fnMap":{},"branchMap":{},"s":{"0":2,"1":2,"2":2,"3":2},"f":{},"b":{}}
,"/Users/sevval/Desktop/job-tracker/src/schemas/auth.schema.ts": {"path":"/Users/sevval/Desktop/job-tracker/src/schemas/auth.schema.ts","statementMap":{"0":{"start":{"line":1,"column":0},"end":{"line":1,"column":24}},"1":{"start":{"line":3,"column":13},"end":{"line":6,"column":3}},"2":{"start":{"line":8,"column":13},"end":{"line":11,"column":3}}},"fnMap":{},"branchMap":{},"s":{"0":2,"1":2,"2":2},"f":{},"b":{}}
,"/Users/sevval/Desktop/job-tracker/src/services/application.service.ts": {"path":"/Users/sevval/Desktop/job-tracker/src/services/application.service.ts","statementMap":{"0":{"start":{"line":21,"column":0},"end":{"line":21,"column":7}},"1":{"start":{"line":60,"column":0},"end":{"line":60,"column":7}},"2":{"start":{"line":68,"column":0},"end":{"line":68,"column":7}},"3":{"start":{"line":76,"column":0},"end":{"line":76,"column":7}},"4":{"start":{"line":90,"column":0},"end":{"line":90,"column":7}},"5":{"start":{"line":1,"column":0},"end":{"line":1,"column":36}},"6":{"start":{"line":2,"column":0},"end":{"line":2,"column":42}},"7":{"start":{"line":3,"column":0},"end":{"line":3,"column":40}},"8":{"start":{"line":4,"column":0},"end":{"line":4,"column":45}},"9":{"start":{"line":7,"column":26},"end":{"line":7,"column":28}},"10":{"start":{"line":10,"column":2},"end":{"line":10,"column":39}},"11":{"start":{"line":14,"column":2},"end":{"line":14,"column":32}},"12":{"start":{"line":14,"column":25},"end":{"line":14,"column":32}},"13":{"start":{"line":15,"column":18},"end":{"line":15,"column":58}},"14":{"start":{"line":16,"column":15},"end":{"line":16,"column":40}},"15":{"start":{"line":17,"column":2},"end":{"line":19,"column":3}},"16":{"start":{"line":18,"column":4},"end":{"line":18,"column":29}},"17":{"start":{"line":22,"column":19},"end":{"line":22,"column":80}},"18":{"start":{"line":24,"column":2},"end":{"line":29,"column":3}},"19":{"start":{"line":25,"column":19},"end":{"line":25,"column":44}},"20":{"start":{"line":26,"column":4},"end":{"line":28,"column":5}},"21":{"start":{"line":27,"column":6},"end":{"line":27,"column":32}},"22":{"start":{"line":31,"column":15},"end":{"line":31,"column":33}},"23":{"start":{"line":33,"column":32},"end":{"line":41,"column":4}},"24":{"start":{"line":43,"column":17},"end":{"line":51,"column":4}},"25":{"start":{"line":53,"column":2},"end":{"line":55,"column":3}},"26":{"start":{"line":54,"column":4},"end":{"line":54,"column":79}},"27":{"start":{"line":57,"column":2},"end":{"line":57,"column":16}},"28":{"start":{"line":61,"column":22},"end":{"line":61,"column":83}},"29":{"start":{"line":62,"column":2},"end":{"line":64,"column":3}},"30":{"start":{"line":63,"column":4},"end":{"line":63,"column":53}},"31":{"start":{"line":65,"column":2},"end":{"line":65,"column":21}},"32":{"start":{"line":69,"column":22},"end":{"line":71,"column":4}},"33":{"start":{"line":72,"column":2},"end":{"line":72,"column":44}},"34":{"start":{"line":73,"column":2},"end":{"line":73,"column":21}},"35":{"start":{"line":81,"column":2},"end":{"line":81,"column":35}},"36":{"start":{"line":82,"column":22},"end":{"line":85,"column":4}},"37":{"start":{"line":86,"column":2},"end":{"line":86,"column":44}},"38":{"start":{"line":87,"column":2},"end":{"line":87,"column":21}},"39":{"start":{"line":91,"column":2},"end":{"line":91,"column":35}},"40":{"start":{"line":92,"column":2},"end":{"line":92,"column":53}},"41":{"start":{"line":93,"column":2},"end":{"line":93,"column":44}}},"fnMap":{"0":{"name":"applicationsCacheKey","decl":{"start":{"line":9,"column":9},"end":{"line":9,"column":29}},"loc":{"start":{"line":9,"column":44},"end":{"line":11,"column":1}}},"1":{"name":"invalidateApplicationsCache","decl":{"start":{"line":13,"column":15},"end":{"line":13,"column":42}},"loc":{"start":{"line":13,"column":57},"end":{"line":20,"column":1}}},"2":{"name":"listApplications","decl":{"start":{"line":21,"column":22},"end":{"line":21,"column":38}},"loc":{"start":{"line":21,"column":82},"end":{"line":58,"column":1}}},"3":{"name":"getApplication","decl":{"start":{"line":60,"column":22},"end":{"line":60,"column":36}},"loc":{"start":{"line":60,"column":63},"end":{"line":66,"column":1}}},"4":{"name":"createApplication","decl":{"start":{"line":68,"column":22},"end":{"line":68,"column":39}},"loc":{"start":{"line":68,"column":85},"end":{"line":74,"column":1}}},"5":{"name":"updateApplication","decl":{"start":{"line":76,"column":22},"end":{"line":76,"column":39}},"loc":{"start":{"line":79,"column":31},"end":{"line":88,"column":1}}},"6":{"name":"deleteApplication","decl":{"start":{"line":90,"column":22},"end":{"line":90,"column":39}},"loc":{"start":{"line":90,"column":66},"end":{"line":94,"column":1}}}},"branchMap":{"0":{"loc":{"start":{"line":14,"column":2},"end":{"line":14,"column":32}},"type":"if","locations":[{"start":{"line":14,"column":2},"end":{"line":14,"column":32}},{"start":{},"end":{}}]},"1":{"loc":{"start":{"line":17,"column":2},"end":{"line":19,"column":3}},"type":"if","locations":[{"start":{"line":17,"column":2},"end":{"line":19,"column":3}},{"start":{},"end":{}}]},"2":{"loc":{"start":{"line":24,"column":2},"end":{"line":29,"column":3}},"type":"if","locations":[{"start":{"line":24,"column":2},"end":{"line":29,"column":3}},{"start":{},"end":{}}]},"3":{"loc":{"start":{"line":26,"column":4},"end":{"line":28,"column":5}},"type":"if","locations":[{"start":{"line":26,"column":4},"end":{"line":28,"column":5}},{"start":{},"end":{}}]},"4":{"loc":{"start":{"line":53,"column":2},"end":{"line":55,"column":3}},"type":"if","locations":[{"start":{"line":53,"column":2},"end":{"line":55,"column":3}},{"start":{},"end":{}}]},"5":{"loc":{"start":{"line":62,"column":2},"end":{"line":64,"column":3}},"type":"if","locations":[{"start":{"line":62,"column":2},"end":{"line":64,"column":3}},{"start":{},"end":{}}]}},"s":{"0":2,"1":2,"2":2,"3":2,"4":2,"5":2,"6":2,"7":2,"8":2,"9":2,"10":8,"11":6,"12":0,"13":6,"14":6,"15":6,"16":0,"17":2,"18":2,"19":2,"20":2,"21":0,"22":2,"23":2,"24":2,"25":2,"26":2,"27":2,"28":3,"29":3,"30":1,"31":2,"32":4,"33":4,"34":4,"35":1,"36":1,"37":1,"38":1,"39":1,"40":1,"41":1},"f":{"0":8,"1":6,"2":2,"3":3,"4":4,"5":1,"6":1},"b":{"0":[0,6],"1":[0,6],"2":[2,0],"3":[0,2],"4":[2,0],"5":[1,2]}}
,"/Users/sevval/Desktop/job-tracker/src/services/auth.service.ts": {"path":"/Users/sevval/Desktop/job-tracker/src/services/auth.service.ts","statementMap":{"0":{"start":{"line":9,"column":0},"end":{"line":9,"column":7}},"1":{"start":{"line":24,"column":0},"end":{"line":24,"column":7}},"2":{"start":{"line":1,"column":0},"end":{"line":1,"column":28}},"3":{"start":{"line":2,"column":0},"end":{"line":2,"column":42}},"4":{"start":{"line":3,"column":0},"end":{"line":3,"column":45}},"5":{"start":{"line":4,"column":0},"end":{"line":4,"column":41}},"6":{"start":{"line":7,"column":20},"end":{"line":7,"column":22}},"7":{"start":{"line":10,"column":19},"end":{"line":10,"column":82}},"8":{"start":{"line":11,"column":2},"end":{"line":13,"column":3}},"9":{"start":{"line":12,"column":4},"end":{"line":12,"column":59}},"10":{"start":{"line":15,"column":23},"end":{"line":15,"column":69}},"11":{"start":{"line":16,"column":15},"end":{"line":18,"column":4}},"12":{"start":{"line":20,"column":16},"end":{"line":20,"column":46}},"13":{"start":{"line":21,"column":2},"end":{"line":21,"column":61}},"14":{"start":{"line":25,"column":15},"end":{"line":25,"column":78}},"15":{"start":{"line":26,"column":2},"end":{"line":28,"column":3}},"16":{"start":{"line":27,"column":4},"end":{"line":27,"column":57}},"17":{"start":{"line":30,"column":18},"end":{"line":30,"column":73}},"18":{"start":{"line":31,"column":2},"end":{"line":33,"column":3}},"19":{"start":{"line":32,"column":4},"end":{"line":32,"column":57}},"20":{"start":{"line":35,"column":16},"end":{"line":35,"column":46}},"21":{"start":{"line":36,"column":2},"end":{"line":36,"column":61}}},"fnMap":{"0":{"name":"register","decl":{"start":{"line":9,"column":22},"end":{"line":9,"column":30}},"loc":{"start":{"line":9,"column":51},"end":{"line":22,"column":1}}},"1":{"name":"login","decl":{"start":{"line":24,"column":22},"end":{"line":24,"column":27}},"loc":{"start":{"line":24,"column":45},"end":{"line":37,"column":1}}}},"branchMap":{"0":{"loc":{"start":{"line":11,"column":2},"end":{"line":13,"column":3}},"type":"if","locations":[{"start":{"line":11,"column":2},"end":{"line":13,"column":3}},{"start":{},"end":{}}]},"1":{"loc":{"start":{"line":26,"column":2},"end":{"line":28,"column":3}},"type":"if","locations":[{"start":{"line":26,"column":2},"end":{"line":28,"column":3}},{"start":{},"end":{}}]},"2":{"loc":{"start":{"line":31,"column":2},"end":{"line":33,"column":3}},"type":"if","locations":[{"start":{"line":31,"column":2},"end":{"line":33,"column":3}},{"start":{},"end":{}}]}},"s":{"0":2,"1":2,"2":2,"3":2,"4":2,"5":2,"6":2,"7":10,"8":10,"9":1,"10":9,"11":9,"12":9,"13":9,"14":2,"15":2,"16":0,"17":2,"18":2,"19":1,"20":1,"21":1},"f":{"0":10,"1":2},"b":{"0":[1,9],"1":[0,2],"2":[1,1]}}
,"/Users/sevval/Desktop/job-tracker/src/utils/AppError.ts": {"path":"/Users/sevval/Desktop/job-tracker/src/utils/AppError.ts","statementMap":{"0":{"start":{"line":3,"column":4},"end":{"line":3,"column":19}},"1":{"start":{"line":2,"column":21},"end":{"line":2,"column":39}},"2":{"start":{"line":4,"column":4},"end":{"line":4,"column":27}},"3":{"start":{"line":1,"column":0},"end":{"line":1,"column":13}}},"fnMap":{"0":{"name":"(anonymous_0)","decl":{"start":{"line":2,"column":2},"end":{"line":2,"column":21}},"loc":{"start":{"line":2,"column":56},"end":{"line":5,"column":3}}}},"branchMap":{},"s":{"0":4,"1":4,"2":4,"3":2},"f":{"0":4},"b":{}}
,"/Users/sevval/Desktop/job-tracker/src/utils/jwt.ts": {"path":"/Users/sevval/Desktop/job-tracker/src/utils/jwt.ts","statementMap":{"0":{"start":{"line":8,"column":0},"end":{"line":8,"column":16}},"1":{"start":{"line":13,"column":0},"end":{"line":13,"column":16}},"2":{"start":{"line":1,"column":0},"end":{"line":1,"column":31}},"3":{"start":{"line":2,"column":0},"end":{"line":2,"column":36}},"4":{"start":{"line":9,"column":35},"end":{"line":9,"column":98}},"5":{"start":{"line":10,"column":2},"end":{"line":10,"column":51}},"6":{"start":{"line":14,"column":2},"end":{"line":14,"column":56}}},"fnMap":{"0":{"name":"signToken","decl":{"start":{"line":8,"column":16},"end":{"line":8,"column":25}},"loc":{"start":{"line":8,"column":45},"end":{"line":11,"column":1}}},"1":{"name":"verifyToken","decl":{"start":{"line":13,"column":16},"end":{"line":13,"column":27}},"loc":{"start":{"line":13,"column":41},"end":{"line":15,"column":1}}}},"branchMap":{},"s":{"0":2,"1":2,"2":2,"3":2,"4":10,"5":10,"6":9},"f":{"0":10,"1":9},"b":{}}
}
