TN:
SF:src/app.ts
FN:6,createApp
FN:12,(anonymous_2)
FNF:2
FNH:1
FNDA:2,createApp
FNDA:0,(anonymous_2)
DA:1,2
DA:2,2
DA:3,2
DA:4,2
DA:6,2
DA:7,2
DA:9,2
DA:10,2
DA:12,2
DA:13,0
DA:16,2
DA:18,2
DA:20,2
LF:13
LH:12
BRF:0
BRH:0
end_of_record
TN:
SF:src/config/env.ts
FN:3,required
FNF:1
FNH:1
FNDA:4,required
DA:1,2
DA:4,4
DA:5,4
DA:6,0
DA:8,4
DA:11,2
LF:6
LH:5
BRDA:5,0,0,0
BRDA:5,0,1,4
BRDA:12,1,0,2
BRDA:12,1,1,0
BRDA:15,2,0,2
BRDA:15,2,1,0
BRDA:16,3,0,2
BRDA:16,3,1,0
BRF:8
BRH:4
end_of_record
TN:
SF:src/config/prisma.ts
FNF:0
FNH:0
DA:1,2
DA:3,2
LF:2
LH:2
BRF:0
BRH:0
end_of_record
TN:
SF:src/config/redis.ts
FNF:0
FNH:0
DA:1,2
DA:2,2
DA:4,2
LF:3
LH:3
BRF:0
BRH:0
end_of_record
TN:
SF:src/controllers/application.controller.ts
FN:4,listHandler
FN:11,getHandler
FN:16,createHandler
FN:21,updateHandler
FN:30,deleteHandler
FNF:5
FNH:5
FNDA:2,listHandler
FNDA:1,getHandler
FNDA:4,createHandler
FNDA:1,updateHandler
FNDA:1,deleteHandler
DA:2,2
DA:4,2
DA:5,2
DA:6,2
DA:7,2
DA:8,2
DA:11,2
DA:12,1
DA:13,0
DA:16,2
DA:17,4
DA:18,4
DA:21,2
DA:22,1
DA:27,1
DA:30,2
DA:31,1
DA:32,1
LF:18
LH:17
BRDA:5,0,0,2
BRDA:5,0,1,2
BRDA:6,1,0,2
BRDA:6,1,1,2
BRF:4
BRH:4
end_of_record
TN:
SF:src/controllers/auth.controller.ts
FN:4,registerHandler
FN:9,loginHandler
FNF:2
FNH:2
FNDA:10,registerHandler
FNDA:2,loginHandler
DA:2,2
DA:4,2
DA:5,10
DA:6,9
DA:9,2
DA:10,2
DA:11,1
LF:7
LH:7
BRF:0
BRH:0
end_of_record
TN:
SF:src/middleware/asyncHandler.ts
FN:9,asyncHandler
FN:10,(anonymous_1)
FNF:2
FNH:2
FNDA:14,asyncHandler
FNDA:21,(anonymous_1)
DA:9,2
DA:10,14
DA:11,21
LF:3
LH:3
BRF:0
BRH:0
end_of_record
TN:
SF:src/middleware/auth.ts
FN:5,requireAuth
FNF:1
FNH:1
FNDA:10,requireAuth
DA:2,2
DA:3,2
DA:5,2
DA:6,10
DA:7,10
DA:8,1
DA:11,9
DA:13,9
DA:14,9
DA:15,9
DA:16,9
DA:18,0
LF:12
LH:11
BRDA:7,0,0,1
BRDA:7,0,1,9
BRF:2
BRH:2
end_of_record
TN:
SF:src/middleware/errorHandler.ts
FN:4,errorHandler
FNF:1
FNH:1
FNDA:4,errorHandler
DA:2,2
DA:4,2
DA:10,4
DA:11,4
DA:12,4
DA:15,0
DA:16,0
LF:7
LH:5
BRDA:10,0,0,4
BRDA:10,0,1,0
BRF:2
BRH:1
end_of_record
TN:
SF:src/middleware/validate.ts
FN:5,validate
FN:6,(anonymous_1)
FN:10,(anonymous_2)
FNF:3
FNH:2
FNDA:8,validate
FNDA:17,(anonymous_1)
FNDA:0,(anonymous_2)
DA:3,2
DA:5,2
DA:6,8
DA:7,17
DA:8,17
DA:9,0
DA:10,0
DA:12,0
DA:15,17
DA:16,17
LF:10
LH:7
BRDA:8,0,0,0
BRDA:8,0,1,17
BRF:2
BRH:1
end_of_record
TN:
SF:src/routes/application.routes.ts
FNF:0
FNH:0
DA:1,2
DA:2,2
DA:9,2
DA:10,2
DA:11,2
DA:12,2
DA:14,2
DA:16,2
DA:18,2
DA:19,2
DA:20,2
DA:21,2
DA:22,2
DA:24,2
LF:14
LH:14
BRF:0
BRH:0
end_of_record
TN:
SF:src/routes/auth.routes.ts
FNF:0
FNH:0
DA:1,2
DA:2,2
DA:3,2
DA:4,2
DA:5,2
DA:7,2
DA:9,2
DA:10,2
DA:12,2
LF:9
LH:9
BRF:0
BRH:0
end_of_record
TN:
SF:src/routes/index.ts
FNF:0
FNH:0
DA:1,2
DA:2,2
DA:3,2
DA:5,2
DA:7,2
DA:8,2
DA:10,2
LF:7
LH:7
BRF:0
BRH:0
end_of_record
TN:
SF:src/schemas/application.schema.ts
FNF:0
FNH:0
DA:1,2
DA:3,2
DA:10,2
DA:18,2
LF:4
LH:4
BRF:0
BRH:0
end_of_record
TN:
SF:src/schemas/auth.schema.ts
FNF:0
FNH:0
DA:1,2
DA:3,2
DA:8,2
LF:3
LH:3
BRF:0
BRH:0
end_of_record
TN:
SF:src/services/application.service.ts
FN:9,applicationsCacheKey
FN:13,invalidateApplicationsCache
FN:21,listApplications
FN:60,getApplication
FN:68,createApplication
FN:76,updateApplication
FN:90,deleteApplication
FNF:7
FNH:7
FNDA:8,applicationsCacheKey
FNDA:6,invalidateApplicationsCache
FNDA:2,listApplications
FNDA:3,getApplication
FNDA:4,createApplication
FNDA:1,updateApplication
FNDA:1,deleteApplication
DA:1,2
DA:2,2
DA:3,2
DA:4,2
DA:7,2
DA:10,8
DA:14,6
DA:15,6
DA:16,6
DA:17,6
DA:18,0
DA:21,2
DA:22,2
DA:24,2
DA:25,2
DA:26,2
DA:27,0
DA:31,2
DA:33,2
DA:43,2
DA:53,2
DA:54,2
DA:57,2
DA:60,2
DA:61,3
DA:62,3
DA:63,1
DA:65,2
DA:68,2
DA:69,4
DA:72,4
DA:73,4
DA:76,2
DA:81,1
DA:82,1
DA:86,1
DA:87,1
DA:90,2
DA:91,1
DA:92,1
DA:93,1
LF:41
LH:39
BRDA:14,0,0,0
BRDA:14,0,1,6
BRDA:17,1,0,0
BRDA:17,1,1,6
BRDA:24,2,0,2
BRDA:24,2,1,0
BRDA:26,3,0,0
BRDA:26,3,1,2
BRDA:53,4,0,2
BRDA:53,4,1,0
BRDA:62,5,0,1
BRDA:62,5,1,2
BRF:12
BRH:7
end_of_record
TN:
SF:src/services/auth.service.ts
FN:9,register
FN:24,login
FNF:2
FNH:2
FNDA:10,register
FNDA:2,login
DA:1,2
DA:2,2
DA:3,2
DA:4,2
DA:7,2
DA:9,2
DA:10,10
DA:11,10
DA:12,1
DA:15,9
DA:16,9
DA:20,9
DA:21,9
DA:24,2
DA:25,2
DA:26,2
DA:27,0
DA:30,2
DA:31,2
DA:32,1
DA:35,1
DA:36,1
LF:22
LH:21
BRDA:11,0,0,1
BRDA:11,0,1,9
BRDA:26,1,0,0
BRDA:26,1,1,2
BRDA:31,2,0,1
BRDA:31,2,1,1
BRF:6
BRH:5
end_of_record
TN:
SF:src/utils/AppError.ts
FN:2,(anonymous_0)
FNF:1
FNH:1
FNDA:4,(anonymous_0)
DA:1,2
DA:2,4
DA:3,4
DA:4,4
LF:4
LH:4
BRF:0
BRH:0
end_of_record
TN:
SF:src/utils/jwt.ts
FN:8,signToken
FN:13,verifyToken
FNF:2
FNH:2
FNDA:10,signToken
FNDA:9,verifyToken
DA:1,2
DA:2,2
DA:8,2
DA:9,10
DA:10,10
DA:13,2
DA:14,9
LF:7
LH:7
BRF:0
BRH:0
end_of_record
